WARNING: Could not find any nv files on this host!
PREPROCESS CASE north_atlantic/
2022-12-02 01:49:47.730278
CALCULATE OR LOAD B
2022-12-02 01:49:47.730318
B DOES NOT EXIST: CALCULATING...
LOAD ds_T, ds_S AND SET CHUNKS
2022-12-02 01:49:47.732225
SAVE SIGMA
2022-12-02 01:49:49.874269
SIGMA:START
2022-12-02 01:49:49.874306
SIGMA:COMPLETE
SAVE B
2022-12-02 02:31:01.875259
B:START
2022-12-02 02:31:01.875292
B:COMPLETE
LOAD OR CALCULATE INTERPOLATED U,V,W
2022-12-02 03:02:11.215783
UVW DO NOT EXIST: CALCULATING...
LOAD ds_U, ds_V, ds_W AND SET CHUNKS
SAVE UVW
2022-12-02 03:02:12.093352
U:START
2022-12-02 03:02:12.093384
U:COMPLETE
V:START
2022-12-02 03:13:26.631798
V:COMPLETE
W:START
2022-12-02 03:25:01.266232
W:COMPLETE
The new snapshots directory is created!
MLD
2022-12-02 05:22:54.755692
FILTER
2022-12-02 05:29:49.597232
SAVE SNAPSHOT: Bm,Um,Vm,Wm
2022-12-02 05:29:50.933776
SAVE SNAPSHOT: Bs,Us,Vs,Ws
2022-12-02 06:02:27.807497
SAVE SNAPSHOT: UsBs,VsBs,WsBs
2022-12-02 06:24:16.419310
SAVE SNAPSHOT: Bm_x,Bm_y,Bm_z
2022-12-02 07:07:43.153828
MLD AVERAGE
2022-12-02 07:24:28.696244
SAVE SNAPSHOT MLD: Bm,Um,Vm,Wm
2022-12-02 07:24:28.753961
SAVE SNAPSHOT MLD: UsBs,VsBs,WsBs
2022-12-02 07:50:17.991771
SAVE SNAPSHOT MLD: Bm_x,Bm_y,Bm_z
2022-12-02 08:16:37.414977
COARSE-GRAIN
2022-12-02 08:32:55.514455
/ext3/miniconda3/lib/python3.9/site-packages/dask/array/core.py:450: FutureWarning: elementwise comparison failed; returning scalar instead, but in the future will perform elementwise comparison
  o = func(*args, **kwargs)
SAVE NETCDF: MLD AVG LOWRES
meso fields
submeso fluxes
meso B grad
COMPLETE PREPROCESS
2022-12-03 01:52:07.775215
