WARNING: Could not find any nv files on this host!
PREPROCESS CASE agulhas/
2022-10-21 21:57:32.419161
CALCULATE OR LOAD B
2022-10-21 21:57:32.419196
B EXISTS: LOADING...
LOAD OR CALCULATE INTERPOLATED U,V,W
2022-10-21 21:57:32.842082
UVW EXIST: LOADING...
MLD
2022-10-21 21:57:33.428749
FILTER
2022-10-21 21:57:34.451427
MLD AVERAGE
2022-10-21 21:57:37.020700
COARSE-GRAIN
2022-10-21 21:57:38.641230
/ext3/miniconda3/lib/python3.9/site-packages/dask/array/core.py:450: FutureWarning: elementwise comparison failed; returning scalar instead, but in the future will perform elementwise comparison
  o = func(*args, **kwargs)
SAVE NETCDF: MLD AVG LOWRES
path already exsits...
meso fields
submeso fluxes
meso B grad
COMPLETE PREPROCESS
2022-10-22 19:14:47.129432
