WARNING: Could not find any nv files on this host!
PREPROCESS CASE equator_pacific/
2022-10-30 17:04:44.193112
CALCULATE OR LOAD B
2022-10-30 17:04:44.193137
B DOES NOT EXIST: CALCULATING...
LOAD ds_T, ds_S AND SET CHUNKS
2022-10-30 17:04:44.195276
SAVE SIGMA
2022-10-30 17:04:45.615784
SIGMA:START
2022-10-30 17:04:45.615813
SIGMA:COMPLETE
SAVE B
2022-10-30 17:31:02.076196
B:START
2022-10-30 17:31:02.076226
B:COMPLETE
LOAD OR CALCULATE INTERPOLATED U,V,W
2022-10-30 17:51:44.604422
UVW DO NOT EXIST: CALCULATING...
LOAD ds_U, ds_V, ds_W AND SET CHUNKS
SAVE UVW
2022-10-30 17:51:45.074548
U:START
2022-10-30 17:51:45.074570
U:COMPLETE
V:START
2022-10-30 17:56:43.305422
V:COMPLETE
W:START
2022-10-30 18:01:24.682992
W:COMPLETE
The new snapshots directory is created!
MLD
2022-10-30 18:25:56.699244
/ext3/miniconda3/lib/python3.9/site-packages/dask/array/reductions.py:540: RuntimeWarning: All-NaN slice encountered
  return np.nanmin(x_chunk, axis=axis, keepdims=keepdims)
FILTER
2022-10-30 18:30:50.730646
SAVE SNAPSHOT: Bm,Um,Vm,Wm
2022-10-30 18:30:51.498584
SAVE SNAPSHOT: Bs,Us,Vs,Ws
2022-10-30 18:40:28.792766
SAVE SNAPSHOT: UsBs,VsBs,WsBs
2022-10-30 18:50:27.744914
SAVE SNAPSHOT: Bm_x,Bm_y,Bm_z
2022-10-30 19:05:45.981618
MLD AVERAGE
2022-10-30 19:14:17.000970
SAVE SNAPSHOT MLD: Bm,Um,Vm,Wm
2022-10-30 19:14:17.047249
SAVE SNAPSHOT MLD: UsBs,VsBs,WsBs
2022-10-30 19:26:12.788425
SAVE SNAPSHOT MLD: Bm_x,Bm_y,Bm_z
2022-10-30 19:39:39.096388
COARSE-GRAIN
2022-10-30 19:46:46.369764
/ext3/miniconda3/lib/python3.9/site-packages/dask/array/core.py:450: FutureWarning: elementwise comparison failed; returning scalar instead, but in the future will perform elementwise comparison
  o = func(*args, **kwargs)
SAVE NETCDF: MLD AVG LOWRES
meso fields
submeso fluxes
meso B grad
COMPLETE PREPROCESS
2022-10-31 08:43:13.825515
