WARNING: Could not find any nv files on this host!
PREPROCESS CASE gulf/
2022-11-07 06:21:53.280166
CALCULATE OR LOAD B
2022-11-07 06:21:53.280197
B EXISTS: LOADING...
LOAD OR CALCULATE INTERPOLATED U,V,W
2022-11-07 06:21:53.918295
UVW EXIST: LOADING...
MLD
2022-11-07 06:32:01.025433
/ext3/miniconda3/lib/python3.9/site-packages/dask/array/reductions.py:540: RuntimeWarning: All-NaN slice encountered
  return np.nanmin(x_chunk, axis=axis, keepdims=keepdims)
FILTER
2022-11-07 06:33:02.246228
SAVE SNAPSHOT: Bm,Um,Vm,Wm
2022-11-07 06:33:03.859857
SAVE SNAPSHOT: Bs,Us,Vs,Ws
2022-11-07 06:44:01.751531
SAVE SNAPSHOT: UsBs,VsBs,WsBs
2022-11-07 06:54:03.655321
SAVE SNAPSHOT: Bm_x,Bm_y,Bm_z
2022-11-07 07:08:13.007424
MLD AVERAGE
2022-11-07 07:13:38.783299
SAVE SNAPSHOT MLD: Bm,Um,Vm,Wm
2022-11-07 07:13:39.518061
SAVE SNAPSHOT MLD: UsBs,VsBs,WsBs
2022-11-07 07:23:12.435216
SAVE SNAPSHOT MLD: Bm_x,Bm_y,Bm_z
2022-11-07 07:36:39.402015
COARSE-GRAIN
2022-11-07 07:42:01.419367
/ext3/miniconda3/lib/python3.9/site-packages/dask/array/core.py:450: FutureWarning: elementwise comparison failed; returning scalar instead, but in the future will perform elementwise comparison
  o = func(*args, **kwargs)
SAVE NETCDF: MLD AVG LOWRES
path already exsits...
meso fields
submeso fluxes
meso B grad
COMPLETE PREPROCESS
2022-11-07 18:28:19.070733
