WARNING: Could not find any nv files on this host!
T,S,UV,W FULL DATASETS FROM LLC4320
CASE gulf/
2022-11-05 06:36:32.387155
path already exsits...
path already exsits...
LOAD DATASET: ds_W
2022-11-05 06:36:32.387820
SELECET AREA ON W GRID
2022-11-05 06:37:03.029566
ds_W:SELECT
2022-11-05 06:37:03.042725
/ext3/miniconda3/lib/python3.9/site-packages/xarray/core/indexing.py:1380: PerformanceWarning: Slicing is producing a large chunk. To accept the large
chunk and silence this warning, set the option
    >>> with dask.config.set(**{'array.slicing.split_large_chunks': False}):
    ...     array[indexer]

To avoid creating the large chunks, set the option
    >>> with dask.config.set(**{'array.slicing.split_large_chunks': True}):
    ...     array[indexer]
  value = value[(slice(None),) * axis + (subkey,)]
/ext3/miniconda3/lib/python3.9/site-packages/xarray/core/indexing.py:1374: PerformanceWarning: Slicing is producing a large chunk. To accept the large
chunk and silence this warning, set the option
    >>> with dask.config.set(**{'array.slicing.split_large_chunks': False}):
    ...     array[indexer]

To avoid creating the large chunks, set the option
    >>> with dask.config.set(**{'array.slicing.split_large_chunks': True}):
    ...     array[indexer]
  return self.array[key]
ds_W:SAVE NETCDF
2022-11-05 07:07:35.818897
ds_W:COMPLETE
