WARNING: Could not find any nv files on this host!
PREPROCESS CASE california/
2022-11-22 11:11:16.145801
CALCULATE OR LOAD B
2022-11-22 11:11:16.145830
B DOES NOT EXIST: CALCULATING...
LOAD ds_T, ds_S AND SET CHUNKS
2022-11-22 11:11:16.148587
SAVE SIGMA
2022-11-22 11:11:18.100693
SIGMA:START
2022-11-22 11:11:18.100716
SIGMA:COMPLETE
SAVE B
2022-11-22 11:40:47.978826
B:START
2022-11-22 11:40:47.978896
B:COMPLETE
LOAD OR CALCULATE INTERPOLATED U,V,W
2022-11-22 12:09:54.350054
UVW DO NOT EXIST: CALCULATING...
LOAD ds_U, ds_V, ds_W AND SET CHUNKS
SAVE UVW
2022-11-22 12:09:54.920156
U:START
2022-11-22 12:09:54.920186
U:COMPLETE
V:START
2022-11-22 12:16:34.960203
V:COMPLETE
W:START
2022-11-22 12:22:23.432073
W:COMPLETE
The new snapshots directory is created!
MLD
2022-11-22 13:00:15.218692
FILTER
2022-11-22 13:07:39.923627
SAVE SNAPSHOT: Bm,Um,Vm,Wm
2022-11-22 13:07:41.323959
SAVE SNAPSHOT: Bs,Us,Vs,Ws
2022-11-22 13:22:59.637960
SAVE SNAPSHOT: UsBs,VsBs,WsBs
2022-11-22 13:38:46.565891
SAVE SNAPSHOT: Bm_x,Bm_y,Bm_z
2022-11-22 14:06:22.813682
MLD AVERAGE
2022-11-22 14:25:59.726909
SAVE SNAPSHOT MLD: Bm,Um,Vm,Wm
2022-11-22 14:25:59.780239
SAVE SNAPSHOT MLD: UsBs,VsBs,WsBs
2022-11-22 14:54:24.522519
SAVE SNAPSHOT MLD: Bm_x,Bm_y,Bm_z
2022-11-22 15:21:09.866315
COARSE-GRAIN
2022-11-22 15:38:27.764464
/ext3/miniconda3/lib/python3.9/site-packages/dask/array/core.py:450: FutureWarning: elementwise comparison failed; returning scalar instead, but in the future will perform elementwise comparison
  o = func(*args, **kwargs)
SAVE NETCDF: MLD AVG LOWRES
meso fields
submeso fluxes
meso B grad
COMPLETE PREPROCESS
2022-11-23 08:08:50.195876
