WARNING: Could not find any nv files on this host!
/ext3/miniconda3/lib/python3.9/site-packages/numba/core/cpu.py:97: UserWarning: Numba extension module 'sparse._numba_extension' failed to load due to 'ContextualVersionConflict((numpy 1.22.4 (/ext3/miniconda3/lib/python3.9/site-packages), Requirement.parse('numpy<1.22,>=1.18'), {'numba'}))'.
  numba.core.entrypoints.init_all()
PREPROCESS CASE lat_-57_-42_lon_23_37/
2022-10-02 08:30:32.311416
T,S,U,V,W FROM LLC4320
2022-10-02 08:30:32.311452
/ext3/miniconda3/lib/python3.9/site-packages/xarray/core/indexing.py:1380: PerformanceWarning: Slicing is producing a large chunk. To accept the large
chunk and silence this warning, set the option
    >>> with dask.config.set(**{'array.slicing.split_large_chunks': False}):
    ...     array[indexer]

To avoid creating the large chunks, set the option
    >>> with dask.config.set(**{'array.slicing.split_large_chunks': True}):
    ...     array[indexer]
  value = value[(slice(None),) * axis + (subkey,)]
/ext3/miniconda3/lib/python3.9/site-packages/xarray/core/indexing.py:1380: PerformanceWarning: Slicing is producing a large chunk. To accept the large
chunk and silence this warning, set the option
    >>> with dask.config.set(**{'array.slicing.split_large_chunks': False}):
    ...     array[indexer]

To avoid creating the large chunks, set the option
    >>> with dask.config.set(**{'array.slicing.split_large_chunks': True}):
    ...     array[indexer]
  value = value[(slice(None),) * axis + (subkey,)]
/ext3/miniconda3/lib/python3.9/site-packages/xarray/core/indexing.py:1380: PerformanceWarning: Slicing is producing a large chunk. To accept the large
chunk and silence this warning, set the option
    >>> with dask.config.set(**{'array.slicing.split_large_chunks': False}):
    ...     array[indexer]

To avoid creating the large chunks, set the option
    >>> with dask.config.set(**{'array.slicing.split_large_chunks': True}):
    ...     array[indexer]
  value = value[(slice(None),) * axis + (subkey,)]
/ext3/miniconda3/lib/python3.9/site-packages/xarray/core/indexing.py:1380: PerformanceWarning: Slicing is producing a large chunk. To accept the large
chunk and silence this warning, set the option
    >>> with dask.config.set(**{'array.slicing.split_large_chunks': False}):
    ...     array[indexer]

To avoid creating the large chunks, set the option
    >>> with dask.config.set(**{'array.slicing.split_large_chunks': True}):
    ...     array[indexer]
  value = value[(slice(None),) * axis + (subkey,)]
/ext3/miniconda3/lib/python3.9/site-packages/xarray/core/indexing.py:1380: PerformanceWarning: Slicing is producing a large chunk. To accept the large
chunk and silence this warning, set the option
    >>> with dask.config.set(**{'array.slicing.split_large_chunks': False}):
    ...     array[indexer]

To avoid creating the large chunks, set the option
    >>> with dask.config.set(**{'array.slicing.split_large_chunks': True}):
    ...     array[indexer]
  value = value[(slice(None),) * axis + (subkey,)]
CALCULATE B
2022-10-02 12:11:33.805209
SAVE SNAPSHOT: B,U,V,W
2022-10-02 12:19:04.705539
The new snapshots directory is created!
SAVE SNAPSHOT: MLD
2022-10-02 12:29:12.496679
/ext3/miniconda3/lib/python3.9/site-packages/dask/array/reductions.py:540: RuntimeWarning: All-NaN slice encountered
  return np.nanmin(x_chunk, axis=axis, keepdims=keepdims)
FILTER
2022-10-02 12:34:22.446839
SAVE SNAPSHOT: Bm,Um,Vm,Wm
2022-10-02 13:27:27.607801
SAVE SNAPSHOT: Bs,Us,Vs,Ws
2022-10-02 13:40:10.213065
SAVE SNAPSHOT: UsBs,VsBs,WsBs
2022-10-02 14:41:02.184893
SAVE SNAPSHOT: Bm_x,Bm_y,Bm_z
2022-10-02 14:54:17.931658
COARSE-GRAIN
2022-10-03 07:56:11.875311
/ext3/miniconda3/lib/python3.9/site-packages/dask/array/core.py:450: FutureWarning: elementwise comparison failed; returning scalar instead, but in the future will perform elementwise comparison
  o = func(*args, **kwargs)
SAVE SNAPSHOT LOWRES: Bm,Um,Vm,Wm
2022-10-03 07:56:55.612090
SAVE SNAPSHOT LOWRES: UsBs,VsBs,WsBs
2022-10-03 08:14:01.520235
SAVE SNAPSHOT LOWRES: Bm_x,Bm_y,Bm_z
2022-10-03 08:28:49.724436
MLD AVERAGE
2022-10-04 07:27:28.902544
SAVE SNAPSHOT MLD AVG LOWRES: Bm,Um,Vm,Wm
2022-10-04 07:28:29.066557
/ext3/miniconda3/lib/python3.9/site-packages/dask/array/reductions.py:540: RuntimeWarning: All-NaN slice encountered
  return np.nanmin(x_chunk, axis=axis, keepdims=keepdims)
/bin/bash: line 1: 1436909 Killed                  python -u preprocess_llc4320_save_lat_-57_-42_lon_23_37.py
slurmstepd: error: Detected 1 oom-kill event(s) in StepId=25591318.batch. Some of your processes may have been killed by the cgroup out-of-memory handler.
