WARNING: Could not find any nv files on this host!
/ext3/miniconda3/lib/python3.9/site-packages/numba/core/cpu.py:97: UserWarning: Numba extension module 'sparse._numba_extension' failed to load due to 'ContextualVersionConflict((numpy 1.22.4 (/ext3/miniconda3/lib/python3.9/site-packages), Requirement.parse('numpy<1.22,>=1.18'), {'numba'}))'.
  numba.core.entrypoints.init_all()
PREPROCESS CASE lat_-57_-42_lon_23_37/
2022-10-11 06:50:32.686145
T,S,U,V,W FROM LLC4320
2022-10-11 06:50:32.686178
/ext3/miniconda3/lib/python3.9/site-packages/xarray/core/indexing.py:1380: PerformanceWarning: Slicing is producing a large chunk. To accept the large
chunk and silence this warning, set the option
    >>> with dask.config.set(**{'array.slicing.split_large_chunks': False}):
    ...     array[indexer]

To avoid creating the large chunks, set the option
    >>> with dask.config.set(**{'array.slicing.split_large_chunks': True}):
    ...     array[indexer]
  value = value[(slice(None),) * axis + (subkey,)]
/ext3/miniconda3/lib/python3.9/site-packages/xarray/core/indexing.py:1380: PerformanceWarning: Slicing is producing a large chunk. To accept the large
chunk and silence this warning, set the option
    >>> with dask.config.set(**{'array.slicing.split_large_chunks': False}):
    ...     array[indexer]

To avoid creating the large chunks, set the option
    >>> with dask.config.set(**{'array.slicing.split_large_chunks': True}):
    ...     array[indexer]
  value = value[(slice(None),) * axis + (subkey,)]
/ext3/miniconda3/lib/python3.9/site-packages/xarray/core/indexing.py:1380: PerformanceWarning: Slicing is producing a large chunk. To accept the large
chunk and silence this warning, set the option
    >>> with dask.config.set(**{'array.slicing.split_large_chunks': False}):
    ...     array[indexer]

To avoid creating the large chunks, set the option
    >>> with dask.config.set(**{'array.slicing.split_large_chunks': True}):
    ...     array[indexer]
  value = value[(slice(None),) * axis + (subkey,)]
/ext3/miniconda3/lib/python3.9/site-packages/xarray/core/indexing.py:1380: PerformanceWarning: Slicing is producing a large chunk. To accept the large
chunk and silence this warning, set the option
    >>> with dask.config.set(**{'array.slicing.split_large_chunks': False}):
    ...     array[indexer]

To avoid creating the large chunks, set the option
    >>> with dask.config.set(**{'array.slicing.split_large_chunks': True}):
    ...     array[indexer]
  value = value[(slice(None),) * axis + (subkey,)]
/ext3/miniconda3/lib/python3.9/site-packages/xarray/core/indexing.py:1380: PerformanceWarning: Slicing is producing a large chunk. To accept the large
chunk and silence this warning, set the option
    >>> with dask.config.set(**{'array.slicing.split_large_chunks': False}):
    ...     array[indexer]

To avoid creating the large chunks, set the option
    >>> with dask.config.set(**{'array.slicing.split_large_chunks': True}):
    ...     array[indexer]
  value = value[(slice(None),) * axis + (subkey,)]
CALCULATE B
2022-10-11 10:15:48.382072
SAVE SNAPSHOT: B,U,V,W
2022-10-11 10:21:53.433001
SAVE SNAPSHOT: MLD
2022-10-11 10:22:00.843004
FILTER
2022-10-11 10:22:01.939334
MLD AVERAGE
2022-10-11 11:27:18.693423
COARSE-GRAIN
2022-10-11 11:27:21.654720
/ext3/miniconda3/lib/python3.9/site-packages/dask/array/core.py:450: FutureWarning: elementwise comparison failed; returning scalar instead, but in the future will perform elementwise comparison
  o = func(*args, **kwargs)
SAVE NETCDF: MLD AVG LOWRES
meso fields
