WARNING: Could not find any nv files on this host!
PREPROCESS CASE kuroshio/
2022-10-28 07:41:58.365062
CALCULATE OR LOAD B
2022-10-28 07:41:58.365088
B DOES NOT EXIST: CALCULATING...
LOAD ds_T, ds_S AND SET CHUNKS
2022-10-28 07:41:58.367283
SAVE SIGMA
2022-10-28 07:41:59.847270
SIGMA:START
2022-10-28 07:41:59.847296
SIGMA:COMPLETE
SAVE B
2022-10-28 08:03:19.685708
B:START
2022-10-28 08:03:19.685736
B:COMPLETE
LOAD OR CALCULATE INTERPOLATED U,V,W
2022-10-28 08:21:45.372625
UVW DO NOT EXIST: CALCULATING...
LOAD ds_U, ds_V, ds_W AND SET CHUNKS
SAVE UVW
2022-10-28 08:21:46.020089
U:START
2022-10-28 08:21:46.020112
U:COMPLETE
V:START
2022-10-28 08:28:14.017536
V:COMPLETE
W:START
2022-10-28 08:35:28.669620
W:COMPLETE
The new snapshots directory is created!
MLD
2022-10-28 09:02:11.676500
FILTER
2022-10-28 09:06:47.333598
SAVE SNAPSHOT: Bm,Um,Vm,Wm
2022-10-28 09:06:48.272402
SAVE SNAPSHOT: Bs,Us,Vs,Ws
2022-10-28 09:17:37.293407
SAVE SNAPSHOT: UsBs,VsBs,WsBs
2022-10-28 09:29:07.987513
SAVE SNAPSHOT: Bm_x,Bm_y,Bm_z
2022-10-28 09:45:39.367999
MLD AVERAGE
2022-10-28 09:53:34.581113
SAVE SNAPSHOT MLD: Bm,Um,Vm,Wm
2022-10-28 09:53:34.629283
SAVE SNAPSHOT MLD: UsBs,VsBs,WsBs
2022-10-28 10:06:38.958941
SAVE SNAPSHOT MLD: Bm_x,Bm_y,Bm_z
2022-10-28 10:24:21.552484
COARSE-GRAIN
2022-10-28 10:33:25.619565
/ext3/miniconda3/lib/python3.9/site-packages/dask/array/core.py:450: FutureWarning: elementwise comparison failed; returning scalar instead, but in the future will perform elementwise comparison
  o = func(*args, **kwargs)
SAVE NETCDF: MLD AVG LOWRES
meso fields
submeso fluxes
meso B grad
COMPLETE PREPROCESS
2022-10-29 04:12:57.524549
